# JRE version: OpenJDK Runtime Environment (21.0.3) (build 21.0.3+-12282718-b509.11)
# Java VM: OpenJDK 64-Bit Server VM (21.0.3+-12282718-b509.11, mixed mode, tiered, compressed oops, compressed class ptrs, g1 gc, windows-amd64)
GC Precious Log:
 CardTable entry size: 512
 Card Set container configuration: InlinePtr #cards 4 size 8 Array Of Cards #cards 16 size 48 Howl #buckets 8 coarsen threshold 3686 Howl Bitmap #cards 512 size 80 coarsen threshold 460 Card regions per heap region 1 cards per card region 4096
 CPUs: 12 total, 12 available
 Memory: 15742M
 Large Page Support: Disabled
 NUMA Support: Disabled
 Compressed Oops: Enabled (Zero based)
 Heap Region Size: 2M
 Heap Min Capacity: 8M
 Heap Initial Capacity: 246M
 Heap Max Capacity: 4G
 Pre-touch: Disabled
 Parallel Workers: 10
 Concurrent Workers: 3
 Concurrent Refinement Workers: 10
 Periodic GC: Disabled
Heap:
 garbage-first heap   total 684032K, used 260539K [0x0000000700000000, 0x0000000800000000)
  region size 2048K, 33 young (67584K), 0 survivors (0K)
 Metaspace       used 225545K, committed 228480K, reserved 1310720K
  class space    used 29877K, committed 31296K, reserved 1048576K
GC Heap History (20 events):
Event: 332.097 GC heap before
{Heap before GC invocations=85 (full 0):
 garbage-first heap   total 1372160K, used 1250421K [0x0000000700000000, 0x0000000800000000)
  region size 2048K, 402 young (823296K), 13 survivors (26624K)
 Metaspace       used 216436K, committed 219328K, reserved 1245184K
  class space    used 28500K, committed 29888K, reserved 1048576K
}
Event: 332.119 GC heap after
{Heap after GC invocations=86 (full 0):
 garbage-first heap   total 1372160K, used 456329K [0x0000000700000000, 0x0000000800000000)
  region size 2048K, 14 young (28672K), 14 survivors (28672K)
 Metaspace       used 216436K, committed 219328K, reserved 1245184K
  class space    used 28500K, committed 29888K, reserved 1048576K
}
Event: 333.182 GC heap before
{Heap before GC invocations=86 (full 0):
 garbage-first heap   total 1372160K, used 1250953K [0x0000000700000000, 0x0000000800000000)
  region size 2048K, 402 young (823296K), 14 survivors (28672K)
 Metaspace       used 216482K, committed 219328K, reserved 1245184K
  class space    used 28500K, committed 29888K, reserved 1048576K
}
Event: 333.203 GC heap after
{Heap after GC invocations=87 (full 0):
 garbage-first heap   total 1372160K, used 426342K [0x0000000700000000, 0x0000000800000000)
  region size 2048K, 15 young (30720K), 15 survivors (30720K)
 Metaspace       used 216482K, committed 219328K, reserved 1245184K
  class space    used 28500K, committed 29888K, reserved 1048576K
}
Event: 334.267 GC heap before
{Heap before GC invocations=87 (full 0):
 garbage-first heap   total 1372160K, used 1218918K [0x0000000700000000, 0x0000000800000000)
  region size 2048K, 402 young (823296K), 15 survivors (30720K)
 Metaspace       used 216525K, committed 219392K, reserved 1245184K
  class space    used 28501K, committed 29888K, reserved 1048576K
}
Event: 334.285 GC heap after
{Heap after GC invocations=88 (full 0):
 garbage-first heap   total 1372160K, used 426884K [0x0000000700000000, 0x0000000800000000)
  region size 2048K, 15 young (30720K), 15 survivors (30720K)
 Metaspace       used 216525K, committed 219392K, reserved 1245184K
  class space    used 28501K, committed 29888K, reserved 1048576K
}
Event: 335.493 GC heap before
{Heap before GC invocations=89 (full 0):
 garbage-first heap   total 1372160K, used 1219460K [0x0000000700000000, 0x0000000800000000)
  region size 2048K, 402 young (823296K), 15 survivors (30720K)
 Metaspace       used 219442K, committed 222336K, reserved 1245184K
  class space    used 29011K, committed 30400K, reserved 1048576K
}
Event: 335.514 GC heap after
{Heap after GC invocations=90 (full 0):
 garbage-first heap   total 1372160K, used 421822K [0x0000000700000000, 0x0000000800000000)
  region size 2048K, 13 young (26624K), 13 survivors (26624K)
 Metaspace       used 219442K, committed 222336K, reserved 1245184K
  class space    used 29011K, committed 30400K, reserved 1048576K
}
Event: 335.990 GC heap before
{Heap before GC invocations=90 (full 0):
 garbage-first heap   total 1372160K, used 1218494K [0x0000000700000000, 0x0000000800000000)
  region size 2048K, 402 young (823296K), 13 survivors (26624K)
 Metaspace       used 219465K, committed 222336K, reserved 1245184K
  class space    used 29012K, committed 30400K, reserved 1048576K
}
Event: 336.017 GC heap after
{Heap after GC invocations=91 (full 0):
 garbage-first heap   total 1372160K, used 406092K [0x0000000700000000, 0x0000000800000000)
  region size 2048K, 13 young (26624K), 13 survivors (26624K)
 Metaspace       used 219465K, committed 222336K, reserved 1245184K
  class space    used 29012K, committed 30400K, reserved 1048576K
}
Event: 337.239 GC heap before
{Heap before GC invocations=91 (full 0):
 garbage-first heap   total 1372160K, used 1202764K [0x0000000700000000, 0x0000000800000000)
  region size 2048K, 402 young (823296K), 13 survivors (26624K)
 Metaspace       used 219936K, committed 222784K, reserved 1245184K
  class space    used 29080K, committed 30464K, reserved 1048576K
}
Event: 337.257 GC heap after
{Heap after GC invocations=92 (full 0):
 garbage-first heap   total 1372160K, used 404029K [0x0000000700000000, 0x0000000800000000)
  region size 2048K, 12 young (24576K), 12 survivors (24576K)
 Metaspace       used 219936K, committed 222784K, reserved 1245184K
  class space    used 29080K, committed 30464K, reserved 1048576K
}
Event: 338.827 GC heap before
{Heap before GC invocations=93 (full 0):
 garbage-first heap   total 1372160K, used 1202749K [0x0000000700000000, 0x0000000800000000)
  region size 2048K, 402 young (823296K), 12 survivors (24576K)
 Metaspace       used 222904K, committed 225792K, reserved 1245184K
  class space    used 29569K, committed 30976K, reserved 1048576K
}
Event: 338.847 GC heap after
{Heap after GC invocations=94 (full 0):
 garbage-first heap   total 1372160K, used 407196K [0x0000000700000000, 0x0000000800000000)
  region size 2048K, 13 young (26624K), 13 survivors (26624K)
 Metaspace       used 222904K, committed 225792K, reserved 1245184K
  class space    used 29569K, committed 30976K, reserved 1048576K
}
Event: 339.626 GC heap before
{Heap before GC invocations=94 (full 0):
 garbage-first heap   total 1372160K, used 1203868K [0x0000000700000000, 0x0000000800000000)
  region size 2048K, 402 young (823296K), 13 survivors (26624K)
 Metaspace       used 223467K, committed 226368K, reserved 1245184K
  class space    used 29645K, committed 31040K, reserved 1048576K
}
Event: 339.652 GC heap after
{Heap after GC invocations=95 (full 0):
 garbage-first heap   total 1372160K, used 403098K [0x0000000700000000, 0x0000000800000000)
  region size 2048K, 16 young (32768K), 16 survivors (32768K)
 Metaspace       used 223467K, committed 226368K, reserved 1245184K
  class space    used 29645K, committed 31040K, reserved 1048576K
}
Event: 339.840 GC heap before
{Heap before GC invocations=95 (full 0):
 garbage-first heap   total 1372160K, used 480922K [0x0000000700000000, 0x0000000800000000)
  region size 2048K, 55 young (112640K), 16 survivors (32768K)
 Metaspace       used 223678K, committed 226560K, reserved 1245184K
  class space    used 29683K, committed 31104K, reserved 1048576K
}
Event: 339.858 GC heap after
{Heap after GC invocations=96 (full 0):
 garbage-first heap   total 1372160K, used 399750K [0x0000000700000000, 0x0000000800000000)
  region size 2048K, 15 young (30720K), 15 survivors (30720K)
 Metaspace       used 223678K, committed 226560K, reserved 1245184K
  class space    used 29683K, committed 31104K, reserved 1048576K
}
Event: 3940.112 GC heap before
{Heap before GC invocations=97 (full 0):
 garbage-first heap   total 1372160K, used 817542K [0x0000000700000000, 0x0000000800000000)
  region size 2048K, 141 young (288768K), 15 survivors (30720K)
 Metaspace       used 225561K, committed 228480K, reserved 1310720K
  class space    used 29886K, committed 31296K, reserved 1048576K
}
Event: 3940.482 GC heap after
{Heap after GC invocations=98 (full 1):
 garbage-first heap   total 684032K, used 195004K [0x0000000700000000, 0x0000000800000000)
  region size 2048K, 0 young (0K), 0 survivors (0K)
 Metaspace       used 225531K, committed 228480K, reserved 1310720K
  class space    used 29877K, committed 31296K, reserved 1048576K
}

